E:\LHF\WORKSPACE\2048\PROJ.WIN32\DEBUG.WIN32\VC110.PDB
E:\LHF\WORKSPACE\2048\PROJ.WIN32\DEBUG.WIN32\GAMEOVERLAYER.OBJ
E:\LHF\WORKSPACE\2048\PROJ.WIN32\DEBUG.WIN32\POPLAYER.OBJ
E:\LHF\WORKSPACE\2048\PROJ.WIN32\DEBUG.WIN32\CARDSPRITE.OBJ
E:\LHF\WORKSPACE\2048\PROJ.WIN32\DEBUG.WIN32\APPDELEGATE.OBJ
E:\LHF\WORKSPACE\2048\PROJ.WIN32\DEBUG.WIN32\GAMESCENE.OBJ
E:\LHF\WORKSPACE\2048\PROJ.WIN32\DEBUG.WIN32\2048.ILK
E:\LHF\WORKSPACE\2048\PROJ.WIN32\DEBUG.WIN32\2048.EXE
E:\LHF\WORKSPACE\2048\PROJ.WIN32\DEBUG.WIN32\2048.PDB
E:\LHF\WORKSPACE\2048\PROJ.WIN32\DEBUG.WIN32\GAME.RES
E:\lhf\WorkSpace\2048\proj.win32\Debug.win32\2048.vcxprojResolveAssemblyReference.cache
E:\lhf\WorkSpace\2048\proj.win32\Debug.win32\AppDelegate.obj
E:\lhf\WorkSpace\2048\proj.win32\Debug.win32\CardSprite.obj
E:\lhf\WorkSpace\2048\proj.win32\Debug.win32\GameOverLayer.obj
E:\lhf\WorkSpace\2048\proj.win32\Debug.win32\GameScene.obj
E:\lhf\WorkSpace\2048\proj.win32\Debug.win32\HighScore.obj
E:\lhf\WorkSpace\2048\proj.win32\Debug.win32\main.obj
E:\lhf\WorkSpace\2048\proj.win32\Debug.win32\PopLayer.obj
E:\lhf\WorkSpace\2048\proj.win32\Debug.win32\2048.ilk
E:\lhf\WorkSpace\2048\proj.win32\Debug.win32\CL.10104.read.1.tlog
E:\lhf\WorkSpace\2048\proj.win32\Debug.win32\CL.10104.write.1.tlog
E:\lhf\WorkSpace\2048\proj.win32\Debug.win32\CL.11908.read.1.tlog
E:\lhf\WorkSpace\2048\proj.win32\Debug.win32\CL.11908.write.1.tlog
E:\lhf\WorkSpace\2048\proj.win32\Debug.win32\CL.12596.read.1.tlog
E:\lhf\WorkSpace\2048\proj.win32\Debug.win32\CL.12596.write.1.tlog
E:\lhf\WorkSpace\2048\proj.win32\Debug.win32\CL.12864.read.1.tlog
E:\lhf\WorkSpace\2048\proj.win32\Debug.win32\CL.12864.write.1.tlog
E:\lhf\WorkSpace\2048\proj.win32\Debug.win32\CL.13860.read.1.tlog
E:\lhf\WorkSpace\2048\proj.win32\Debug.win32\CL.13860.write.1.tlog
E:\lhf\WorkSpace\2048\proj.win32\Debug.win32\CL.14016.read.1.tlog
E:\lhf\WorkSpace\2048\proj.win32\Debug.win32\CL.14016.write.1.tlog
E:\lhf\WorkSpace\2048\proj.win32\Debug.win32\CL.14324.read.1.tlog
E:\lhf\WorkSpace\2048\proj.win32\Debug.win32\CL.14324.write.1.tlog
E:\lhf\WorkSpace\2048\proj.win32\Debug.win32\CL.14412.read.1.tlog
E:\lhf\WorkSpace\2048\proj.win32\Debug.win32\CL.14412.write.1.tlog
E:\lhf\WorkSpace\2048\proj.win32\Debug.win32\CL.14444.read.1.tlog
E:\lhf\WorkSpace\2048\proj.win32\Debug.win32\CL.14444.write.1.tlog
E:\lhf\WorkSpace\2048\proj.win32\Debug.win32\CL.14944.read.1.tlog
E:\lhf\WorkSpace\2048\proj.win32\Debug.win32\CL.14944.write.1.tlog
E:\lhf\WorkSpace\2048\proj.win32\Debug.win32\CL.14956.read.1.tlog
E:\lhf\WorkSpace\2048\proj.win32\Debug.win32\CL.14956.write.1.tlog
E:\lhf\WorkSpace\2048\proj.win32\Debug.win32\CL.15728.read.1.tlog
E:\lhf\WorkSpace\2048\proj.win32\Debug.win32\CL.15728.write.1.tlog
E:\lhf\WorkSpace\2048\proj.win32\Debug.win32\CL.16324.read.1.tlog
E:\lhf\WorkSpace\2048\proj.win32\Debug.win32\CL.16324.write.1.tlog
E:\lhf\WorkSpace\2048\proj.win32\Debug.win32\CL.8704.read.1.tlog
E:\lhf\WorkSpace\2048\proj.win32\Debug.win32\CL.8704.write.1.tlog
E:\lhf\WorkSpace\2048\proj.win32\Debug.win32\CL.9000.read.1.tlog
E:\lhf\WorkSpace\2048\proj.win32\Debug.win32\CL.9000.write.1.tlog
E:\lhf\WorkSpace\2048\proj.win32\Debug.win32\CL.9368.read.1.tlog
E:\lhf\WorkSpace\2048\proj.win32\Debug.win32\CL.9368.write.1.tlog
E:\lhf\WorkSpace\2048\proj.win32\Debug.win32\cl.command.1.tlog
E:\lhf\WorkSpace\2048\proj.win32\Debug.win32\CL.read.1.tlog
E:\lhf\WorkSpace\2048\proj.win32\Debug.win32\cl.write.1.tlog
E:\lhf\WorkSpace\2048\proj.win32\Debug.win32\link-cvtres.read.1.tlog
E:\lhf\WorkSpace\2048\proj.win32\Debug.win32\link-cvtres.write.1.tlog
E:\lhf\WorkSpace\2048\proj.win32\Debug.win32\link-rc.read.1.tlog
E:\lhf\WorkSpace\2048\proj.win32\Debug.win32\link-rc.write.1.tlog
E:\lhf\WorkSpace\2048\proj.win32\Debug.win32\link.15428-cvtres.read.1.tlog
E:\lhf\WorkSpace\2048\proj.win32\Debug.win32\link.15428-cvtres.write.1.tlog
E:\lhf\WorkSpace\2048\proj.win32\Debug.win32\link.15428-rc.read.1.tlog
E:\lhf\WorkSpace\2048\proj.win32\Debug.win32\link.15428-rc.write.1.tlog
E:\lhf\WorkSpace\2048\proj.win32\Debug.win32\link.15428.read.1.tlog
E:\lhf\WorkSpace\2048\proj.win32\Debug.win32\link.15428.write.1.tlog
E:\lhf\WorkSpace\2048\proj.win32\Debug.win32\link.20516-cvtres.read.1.tlog
E:\lhf\WorkSpace\2048\proj.win32\Debug.win32\link.20516-cvtres.write.1.tlog
E:\lhf\WorkSpace\2048\proj.win32\Debug.win32\link.20516-rc.read.1.tlog
E:\lhf\WorkSpace\2048\proj.win32\Debug.win32\link.20516-rc.write.1.tlog
E:\lhf\WorkSpace\2048\proj.win32\Debug.win32\link.20516.read.1.tlog
E:\lhf\WorkSpace\2048\proj.win32\Debug.win32\link.20516.write.1.tlog
E:\lhf\WorkSpace\2048\proj.win32\Debug.win32\link.29868-cvtres.read.1.tlog
E:\lhf\WorkSpace\2048\proj.win32\Debug.win32\link.29868-cvtres.write.1.tlog
E:\lhf\WorkSpace\2048\proj.win32\Debug.win32\link.29868-rc.read.1.tlog
E:\lhf\WorkSpace\2048\proj.win32\Debug.win32\link.29868-rc.write.1.tlog
E:\lhf\WorkSpace\2048\proj.win32\Debug.win32\link.29868.read.1.tlog
E:\lhf\WorkSpace\2048\proj.win32\Debug.win32\link.29868.write.1.tlog
E:\lhf\WorkSpace\2048\proj.win32\Debug.win32\link.command.1.tlog
E:\lhf\WorkSpace\2048\proj.win32\Debug.win32\link.read.1.tlog
E:\lhf\WorkSpace\2048\proj.win32\Debug.win32\link.write.1.tlog
E:\lhf\WorkSpace\2048\proj.win32\Debug.win32\rc.command.1.tlog
E:\lhf\WorkSpace\2048\proj.win32\Debug.win32\rc.read.1.tlog
E:\lhf\WorkSpace\2048\proj.win32\Debug.win32\rc.write.1.tlog
E:\lhf\WorkSpace\2048\proj.win32\Debug.win32\game.res
E:\lhf\WorkSpace\2048\proj.win32\Debug.win32\vc110.idb
E:\lhf\WorkSpace\2048\proj.win32\Debug.win32\2048.pdb
E:\lhf\WorkSpace\2048\proj.win32\Debug.win32\vc110.pdb
E:\lhf\WorkSpace\2048\proj.win32\Debug.win32\UserDefault.xml
E:\lhf\WorkSpace\2048\proj.win32\Debug.win32\2048.exe
