E:\LHF\WORKSPACE\2048\PROJ.WIN32\DEBUG.WIN32\LIBCOCOS2D.LIB
E:\lhf\WorkSpace\2048\cocos2d\cocos\2d\Debug.win32\atitc.obj
E:\lhf\WorkSpace\2048\cocos2d\cocos\2d\Debug.win32\base64.obj
E:\lhf\WorkSpace\2048\cocos2d\cocos\2d\Debug.win32\CCAction.obj
E:\lhf\WorkSpace\2048\cocos2d\cocos\2d\Debug.win32\CCActionCamera.obj
E:\lhf\WorkSpace\2048\cocos2d\cocos\2d\Debug.win32\CCActionCatmullRom.obj
E:\lhf\WorkSpace\2048\cocos2d\cocos\2d\Debug.win32\CCActionEase.obj
E:\lhf\WorkSpace\2048\cocos2d\cocos\2d\Debug.win32\CCActionGrid.obj
E:\lhf\WorkSpace\2048\cocos2d\cocos\2d\Debug.win32\CCActionGrid3D.obj
E:\lhf\WorkSpace\2048\cocos2d\cocos\2d\Debug.win32\CCActionInstant.obj
E:\lhf\WorkSpace\2048\cocos2d\cocos\2d\Debug.win32\CCActionInterval.obj
E:\lhf\WorkSpace\2048\cocos2d\cocos\2d\Debug.win32\CCActionManager.obj
E:\lhf\WorkSpace\2048\cocos2d\cocos\2d\Debug.win32\CCActionPageTurn3D.obj
E:\lhf\WorkSpace\2048\cocos2d\cocos\2d\Debug.win32\CCActionProgressTimer.obj
E:\lhf\WorkSpace\2048\cocos2d\cocos\2d\Debug.win32\CCActionTiledGrid.obj
E:\lhf\WorkSpace\2048\cocos2d\cocos\2d\Debug.win32\CCActionTween.obj
E:\lhf\WorkSpace\2048\cocos2d\cocos\2d\Debug.win32\CCAffineTransform.obj
E:\lhf\WorkSpace\2048\cocos2d\cocos\2d\Debug.win32\CCAnimation.obj
E:\lhf\WorkSpace\2048\cocos2d\cocos\2d\Debug.win32\CCAnimationCache.obj
E:\lhf\WorkSpace\2048\cocos2d\cocos\2d\Debug.win32\CCApplication.obj
E:\lhf\WorkSpace\2048\cocos2d\cocos\2d\Debug.win32\CCArray.obj
E:\lhf\WorkSpace\2048\cocos2d\cocos\2d\Debug.win32\CCAtlasNode.obj
E:\lhf\WorkSpace\2048\cocos2d\cocos\2d\Debug.win32\CCAutoreleasePool.obj
E:\lhf\WorkSpace\2048\cocos2d\cocos\2d\Debug.win32\CCBatchCommand.obj
E:\lhf\WorkSpace\2048\cocos2d\cocos\2d\Debug.win32\ccCArray.obj
E:\lhf\WorkSpace\2048\cocos2d\cocos\2d\Debug.win32\CCClippingNode.obj
E:\lhf\WorkSpace\2048\cocos2d\cocos\2d\Debug.win32\CCCommon.obj
E:\lhf\WorkSpace\2048\cocos2d\cocos\2d\Debug.win32\CCComponent.obj
E:\lhf\WorkSpace\2048\cocos2d\cocos\2d\Debug.win32\CCComponentContainer.obj
E:\lhf\WorkSpace\2048\cocos2d\cocos\2d\Debug.win32\CCConfiguration.obj
E:\lhf\WorkSpace\2048\cocos2d\cocos\2d\Debug.win32\CCConsole.obj
E:\lhf\WorkSpace\2048\cocos2d\cocos\2d\Debug.win32\CCCustomCommand.obj
E:\lhf\WorkSpace\2048\cocos2d\cocos\2d\Debug.win32\CCData.obj
E:\lhf\WorkSpace\2048\cocos2d\cocos\2d\Debug.win32\CCDataVisitor.obj
E:\lhf\WorkSpace\2048\cocos2d\cocos\2d\Debug.win32\CCDeprecated.obj
E:\lhf\WorkSpace\2048\cocos2d\cocos\2d\Debug.win32\CCDevice.obj
E:\lhf\WorkSpace\2048\cocos2d\cocos\2d\Debug.win32\CCDictionary.obj
E:\lhf\WorkSpace\2048\cocos2d\cocos\2d\Debug.win32\CCDirector.obj
E:\lhf\WorkSpace\2048\cocos2d\cocos\2d\Debug.win32\CCDrawingPrimitives.obj
E:\lhf\WorkSpace\2048\cocos2d\cocos\2d\Debug.win32\CCDrawNode.obj
E:\lhf\WorkSpace\2048\cocos2d\cocos\2d\Debug.win32\CCEvent.obj
E:\lhf\WorkSpace\2048\cocos2d\cocos\2d\Debug.win32\CCEventAcceleration.obj
E:\lhf\WorkSpace\2048\cocos2d\cocos\2d\Debug.win32\CCEventCustom.obj
E:\lhf\WorkSpace\2048\cocos2d\cocos\2d\Debug.win32\CCEventDispatcher.obj
E:\lhf\WorkSpace\2048\cocos2d\cocos\2d\Debug.win32\CCEventFocus.obj
E:\lhf\WorkSpace\2048\cocos2d\cocos\2d\Debug.win32\CCEventKeyboard.obj
E:\lhf\WorkSpace\2048\cocos2d\cocos\2d\Debug.win32\CCEventListener.obj
E:\lhf\WorkSpace\2048\cocos2d\cocos\2d\Debug.win32\CCEventListenerAcceleration.obj
E:\lhf\WorkSpace\2048\cocos2d\cocos\2d\Debug.win32\CCEventListenerCustom.obj
E:\lhf\WorkSpace\2048\cocos2d\cocos\2d\Debug.win32\CCEventListenerFocus.obj
E:\lhf\WorkSpace\2048\cocos2d\cocos\2d\Debug.win32\CCEventListenerKeyboard.obj
E:\lhf\WorkSpace\2048\cocos2d\cocos\2d\Debug.win32\CCEventListenerMouse.obj
E:\lhf\WorkSpace\2048\cocos2d\cocos\2d\Debug.win32\CCEventListenerTouch.obj
E:\lhf\WorkSpace\2048\cocos2d\cocos\2d\Debug.win32\CCEventMouse.obj
E:\lhf\WorkSpace\2048\cocos2d\cocos\2d\Debug.win32\CCEventTouch.obj
E:\lhf\WorkSpace\2048\cocos2d\cocos\2d\Debug.win32\CCFileUtils.obj
E:\lhf\WorkSpace\2048\cocos2d\cocos\2d\Debug.win32\CCFileUtilsWin32.obj
E:\lhf\WorkSpace\2048\cocos2d\cocos\2d\Debug.win32\CCFont.obj
E:\lhf\WorkSpace\2048\cocos2d\cocos\2d\Debug.win32\CCFontAtlas.obj
E:\lhf\WorkSpace\2048\cocos2d\cocos\2d\Debug.win32\CCFontAtlasCache.obj
E:\lhf\WorkSpace\2048\cocos2d\cocos\2d\Debug.win32\CCFontCharMap.obj
E:\lhf\WorkSpace\2048\cocos2d\cocos\2d\Debug.win32\CCFontFNT.obj
E:\lhf\WorkSpace\2048\cocos2d\cocos\2d\Debug.win32\CCFontFreeType.obj
E:\lhf\WorkSpace\2048\cocos2d\cocos\2d\Debug.win32\ccFPSImages.obj
E:\lhf\WorkSpace\2048\cocos2d\cocos\2d\Debug.win32\CCGeometry.obj
E:\lhf\WorkSpace\2048\cocos2d\cocos\2d\Debug.win32\CCGLBufferedNode.obj
E:\lhf\WorkSpace\2048\cocos2d\cocos\2d\Debug.win32\CCGLProgram.obj
E:\lhf\WorkSpace\2048\cocos2d\cocos\2d\Debug.win32\CCGLProgramCache.obj
E:\lhf\WorkSpace\2048\cocos2d\cocos\2d\Debug.win32\CCGLProgramState.obj
E:\lhf\WorkSpace\2048\cocos2d\cocos\2d\Debug.win32\CCGLProgramStateCache.obj
E:\lhf\WorkSpace\2048\cocos2d\cocos\2d\Debug.win32\ccGLStateCache.obj
E:\lhf\WorkSpace\2048\cocos2d\cocos\2d\Debug.win32\CCGLView.obj
E:\lhf\WorkSpace\2048\cocos2d\cocos\2d\Debug.win32\CCGLViewProtocol.obj
E:\lhf\WorkSpace\2048\cocos2d\cocos\2d\Debug.win32\CCGrabber.obj
E:\lhf\WorkSpace\2048\cocos2d\cocos\2d\Debug.win32\CCGrid.obj
E:\lhf\WorkSpace\2048\cocos2d\cocos\2d\Debug.win32\CCGroupCommand.obj
E:\lhf\WorkSpace\2048\cocos2d\cocos\2d\Debug.win32\CCImage.obj
E:\lhf\WorkSpace\2048\cocos2d\cocos\2d\Debug.win32\CCIMEDispatcher.obj
E:\lhf\WorkSpace\2048\cocos2d\cocos\2d\Debug.win32\CCLabel.obj
E:\lhf\WorkSpace\2048\cocos2d\cocos\2d\Debug.win32\CCLabelAtlas.obj
E:\lhf\WorkSpace\2048\cocos2d\cocos\2d\Debug.win32\CCLabelBMFont.obj
E:\lhf\WorkSpace\2048\cocos2d\cocos\2d\Debug.win32\CCLabelTextFormatter.obj
E:\lhf\WorkSpace\2048\cocos2d\cocos\2d\Debug.win32\CCLabelTTF.obj
E:\lhf\WorkSpace\2048\cocos2d\cocos\2d\Debug.win32\CCLayer.obj
E:\lhf\WorkSpace\2048\cocos2d\cocos\2d\Debug.win32\CCMenu.obj
E:\lhf\WorkSpace\2048\cocos2d\cocos\2d\Debug.win32\CCMenuItem.obj
E:\lhf\WorkSpace\2048\cocos2d\cocos\2d\Debug.win32\CCMesh.obj
E:\lhf\WorkSpace\2048\cocos2d\cocos\2d\Debug.win32\CCMeshCommand.obj
E:\lhf\WorkSpace\2048\cocos2d\cocos\2d\Debug.win32\CCMotionStreak.obj
E:\lhf\WorkSpace\2048\cocos2d\cocos\2d\Debug.win32\CCNode.obj
E:\lhf\WorkSpace\2048\cocos2d\cocos\2d\Debug.win32\CCNodeGrid.obj
E:\lhf\WorkSpace\2048\cocos2d\cocos\2d\Debug.win32\CCNotificationCenter.obj
E:\lhf\WorkSpace\2048\cocos2d\cocos\2d\Debug.win32\CCNS.obj
E:\lhf\WorkSpace\2048\cocos2d\cocos\2d\Debug.win32\CCObjLoader.obj
E:\lhf\WorkSpace\2048\cocos2d\cocos\2d\Debug.win32\CCParallaxNode.obj
E:\lhf\WorkSpace\2048\cocos2d\cocos\2d\Debug.win32\CCParticleBatchNode.obj
E:\lhf\WorkSpace\2048\cocos2d\cocos\2d\Debug.win32\CCParticleExamples.obj
E:\lhf\WorkSpace\2048\cocos2d\cocos\2d\Debug.win32\CCParticleSystem.obj
E:\lhf\WorkSpace\2048\cocos2d\cocos\2d\Debug.win32\CCParticleSystemQuad.obj
E:\lhf\WorkSpace\2048\cocos2d\cocos\2d\Debug.win32\CCPhysicsBody.obj
E:\lhf\WorkSpace\2048\cocos2d\cocos\2d\Debug.win32\CCPhysicsBodyInfo_chipmunk.obj
E:\lhf\WorkSpace\2048\cocos2d\cocos\2d\Debug.win32\CCPhysicsContact.obj
E:\lhf\WorkSpace\2048\cocos2d\cocos\2d\Debug.win32\CCPhysicsContactInfo_chipmunk.obj
E:\lhf\WorkSpace\2048\cocos2d\cocos\2d\Debug.win32\CCPhysicsJoint.obj
E:\lhf\WorkSpace\2048\cocos2d\cocos\2d\Debug.win32\CCPhysicsJointInfo_chipmunk.obj
E:\lhf\WorkSpace\2048\cocos2d\cocos\2d\Debug.win32\CCPhysicsShape.obj
E:\lhf\WorkSpace\2048\cocos2d\cocos\2d\Debug.win32\CCPhysicsShapeInfo_chipmunk.obj
E:\lhf\WorkSpace\2048\cocos2d\cocos\2d\Debug.win32\CCPhysicsWorld.obj
E:\lhf\WorkSpace\2048\cocos2d\cocos\2d\Debug.win32\CCPhysicsWorldInfo_chipmunk.obj
E:\lhf\WorkSpace\2048\cocos2d\cocos\2d\Debug.win32\CCProfiling.obj
E:\lhf\WorkSpace\2048\cocos2d\cocos\2d\Debug.win32\CCProgressTimer.obj
E:\lhf\WorkSpace\2048\cocos2d\cocos\2d\Debug.win32\CCQuadCommand.obj
E:\lhf\WorkSpace\2048\cocos2d\cocos\2d\Debug.win32\CCRef.obj
E:\lhf\WorkSpace\2048\cocos2d\cocos\2d\Debug.win32\CCRenderCommand.obj
E:\lhf\WorkSpace\2048\cocos2d\cocos\2d\Debug.win32\CCRenderer.obj
E:\lhf\WorkSpace\2048\cocos2d\cocos\2d\Debug.win32\CCRenderTexture.obj
E:\lhf\WorkSpace\2048\cocos2d\cocos\2d\Debug.win32\CCSAXParser.obj
E:\lhf\WorkSpace\2048\cocos2d\cocos\2d\Debug.win32\CCScene.obj
E:\lhf\WorkSpace\2048\cocos2d\cocos\2d\Debug.win32\CCScheduler.obj
E:\lhf\WorkSpace\2048\cocos2d\cocos\2d\Debug.win32\CCScriptSupport.obj
E:\lhf\WorkSpace\2048\cocos2d\cocos\2d\Debug.win32\CCSet.obj
E:\lhf\WorkSpace\2048\cocos2d\cocos\2d\Debug.win32\ccShaders.obj
E:\lhf\WorkSpace\2048\cocos2d\cocos\2d\Debug.win32\CCSprite.obj
E:\lhf\WorkSpace\2048\cocos2d\cocos\2d\Debug.win32\CCSprite3D.obj
E:\lhf\WorkSpace\2048\cocos2d\cocos\2d\Debug.win32\CCSprite3DDataCache.obj
E:\lhf\WorkSpace\2048\cocos2d\cocos\2d\Debug.win32\CCSpriteBatchNode.obj
E:\lhf\WorkSpace\2048\cocos2d\cocos\2d\Debug.win32\CCSpriteFrame.obj
E:\lhf\WorkSpace\2048\cocos2d\cocos\2d\Debug.win32\CCSpriteFrameCache.obj
E:\lhf\WorkSpace\2048\cocos2d\cocos\2d\Debug.win32\CCStdC.obj
E:\lhf\WorkSpace\2048\cocos2d\cocos\2d\Debug.win32\CCString.obj
E:\lhf\WorkSpace\2048\cocos2d\cocos\2d\Debug.win32\CCTextFieldTTF.obj
E:\lhf\WorkSpace\2048\cocos2d\cocos\2d\Debug.win32\CCTexture2D.obj
E:\lhf\WorkSpace\2048\cocos2d\cocos\2d\Debug.win32\CCTextureAtlas.obj
E:\lhf\WorkSpace\2048\cocos2d\cocos\2d\Debug.win32\CCTextureCache.obj
E:\lhf\WorkSpace\2048\cocos2d\cocos\2d\Debug.win32\CCThread.obj
E:\lhf\WorkSpace\2048\cocos2d\cocos\2d\Debug.win32\CCTileMapAtlas.obj
E:\lhf\WorkSpace\2048\cocos2d\cocos\2d\Debug.win32\CCTMXLayer.obj
E:\lhf\WorkSpace\2048\cocos2d\cocos\2d\Debug.win32\CCTMXObjectGroup.obj
E:\lhf\WorkSpace\2048\cocos2d\cocos\2d\Debug.win32\CCTMXTiledMap.obj
E:\lhf\WorkSpace\2048\cocos2d\cocos\2d\Debug.win32\CCTMXXMLParser.obj
E:\lhf\WorkSpace\2048\cocos2d\cocos\2d\Debug.win32\CCTouch.obj
E:\lhf\WorkSpace\2048\cocos2d\cocos\2d\Debug.win32\CCTransition.obj
E:\lhf\WorkSpace\2048\cocos2d\cocos\2d\Debug.win32\CCTransitionPageTurn.obj
E:\lhf\WorkSpace\2048\cocos2d\cocos\2d\Debug.win32\CCTransitionProgress.obj
E:\lhf\WorkSpace\2048\cocos2d\cocos\2d\Debug.win32\CCTweenFunction.obj
E:\lhf\WorkSpace\2048\cocos2d\cocos\2d\Debug.win32\ccTypes.obj
E:\lhf\WorkSpace\2048\cocos2d\cocos\2d\Debug.win32\CCUserDefault.obj
E:\lhf\WorkSpace\2048\cocos2d\cocos\2d\Debug.win32\CCUserDefaultAndroid.obj
E:\lhf\WorkSpace\2048\cocos2d\cocos\2d\Debug.win32\ccUTF8.obj
E:\lhf\WorkSpace\2048\cocos2d\cocos\2d\Debug.win32\ccUtils.obj
E:\lhf\WorkSpace\2048\cocos2d\cocos\2d\Debug.win32\CCValue.obj
E:\lhf\WorkSpace\2048\cocos2d\cocos\2d\Debug.win32\CCVertex.obj
E:\lhf\WorkSpace\2048\cocos2d\cocos\2d\Debug.win32\cocos2d.obj
E:\lhf\WorkSpace\2048\cocos2d\cocos\2d\Debug.win32\ConvertUTF.obj
E:\lhf\WorkSpace\2048\cocos2d\cocos\2d\Debug.win32\ConvertUTFWrapper.obj
E:\lhf\WorkSpace\2048\cocos2d\cocos\2d\Debug.win32\edtaa3func.obj
E:\lhf\WorkSpace\2048\cocos2d\cocos\2d\Debug.win32\etc1.obj
E:\lhf\WorkSpace\2048\cocos2d\cocos\2d\Debug.win32\ioapi.obj
E:\lhf\WorkSpace\2048\cocos2d\cocos\2d\Debug.win32\Mat4.obj
E:\lhf\WorkSpace\2048\cocos2d\cocos\2d\Debug.win32\MathUtil.obj
E:\lhf\WorkSpace\2048\cocos2d\cocos\2d\Debug.win32\Quaternion.obj
E:\lhf\WorkSpace\2048\cocos2d\cocos\2d\Debug.win32\s3tc.obj
E:\lhf\WorkSpace\2048\cocos2d\cocos\2d\Debug.win32\TGAlib.obj
E:\lhf\WorkSpace\2048\cocos2d\cocos\2d\Debug.win32\tinyxml2.obj
E:\lhf\WorkSpace\2048\cocos2d\cocos\2d\Debug.win32\TransformUtils.obj
E:\lhf\WorkSpace\2048\cocos2d\cocos\2d\Debug.win32\unzip.obj
E:\lhf\WorkSpace\2048\cocos2d\cocos\2d\Debug.win32\Vec2.obj
E:\lhf\WorkSpace\2048\cocos2d\cocos\2d\Debug.win32\Vec3.obj
E:\lhf\WorkSpace\2048\cocos2d\cocos\2d\Debug.win32\Vec4.obj
E:\lhf\WorkSpace\2048\cocos2d\cocos\2d\Debug.win32\xxhash.obj
E:\lhf\WorkSpace\2048\cocos2d\cocos\2d\Debug.win32\ZipUtils.obj
E:\lhf\WorkSpace\2048\cocos2d\cocos\2d\Debug.win32\CL.11176.read.1.tlog
E:\lhf\WorkSpace\2048\cocos2d\cocos\2d\Debug.win32\CL.11176.write.1.tlog
E:\lhf\WorkSpace\2048\cocos2d\cocos\2d\Debug.win32\CL.11976.read.1.tlog
E:\lhf\WorkSpace\2048\cocos2d\cocos\2d\Debug.win32\CL.11976.write.1.tlog
E:\lhf\WorkSpace\2048\cocos2d\cocos\2d\Debug.win32\CL.11996.read.1.tlog
E:\lhf\WorkSpace\2048\cocos2d\cocos\2d\Debug.win32\CL.11996.write.1.tlog
E:\lhf\WorkSpace\2048\cocos2d\cocos\2d\Debug.win32\CL.9028.read.1.tlog
E:\lhf\WorkSpace\2048\cocos2d\cocos\2d\Debug.win32\CL.9028.write.1.tlog
E:\lhf\WorkSpace\2048\cocos2d\cocos\2d\Debug.win32\cl.command.1.tlog
E:\lhf\WorkSpace\2048\cocos2d\cocos\2d\Debug.win32\CL.read.1.tlog
E:\lhf\WorkSpace\2048\cocos2d\cocos\2d\Debug.win32\cl.write.1.tlog
E:\lhf\WorkSpace\2048\cocos2d\cocos\2d\Debug.win32\Lib-link.read.1.tlog
E:\lhf\WorkSpace\2048\cocos2d\cocos\2d\Debug.win32\Lib-link.write.1.tlog
E:\lhf\WorkSpace\2048\cocos2d\cocos\2d\Debug.win32\lib.command.1.tlog
E:\lhf\WorkSpace\2048\proj.win32\Debug.win32\libcocos2d.lib
